
  .   ____          _            __ _ _
 /\\ / ___'_ __ _ _(_)_ __  __ _ \ \ \ \
( ( )\___ | '_ | '_| | '_ \/ _` | \ \ \ \
 \\/  ___)| |_)| | | | | || (_| |  ) ) ) )
  '  |____| .__|_| |_|_| |_\__, | / / / /
 =========|_|==============|___/=/_/_/_/
 :: Spring Boot ::        (v2.2.5.RELEASE)

2021-11-19 02:36:21.178  INFO 12157 --- [           main] c.c.training.TraningApplication          : Starting TraningApplication v1.0-SNAPSHOT on fabmedical-xp with PID 12157 (/home/adminfabmedical/Fabmedical/content-api/target/training-1.0-SNAPSHOT.jar started by adminfabmedical in /home/adminfabmedical/Fabmedical/content-api)
2021-11-19 02:36:21.189  INFO 12157 --- [           main] c.c.training.TraningApplication          : No active profile set, falling back to default profiles: default
2021-11-19 02:36:23.619  INFO 12157 --- [           main] o.s.b.w.embedded.tomcat.TomcatWebServer  : Tomcat initialized with port(s): 3001 (http)
2021-11-19 02:36:23.638  INFO 12157 --- [           main] o.apache.catalina.core.StandardService   : Starting service [Tomcat]
2021-11-19 02:36:23.639  INFO 12157 --- [           main] org.apache.catalina.core.StandardEngine  : Starting Servlet engine: [Apache Tomcat/9.0.31]
2021-11-19 02:36:23.776  INFO 12157 --- [           main] o.a.c.c.C.[Tomcat].[localhost].[/]       : Initializing Spring embedded WebApplicationContext
2021-11-19 02:36:23.777  INFO 12157 --- [           main] o.s.web.context.ContextLoader            : Root WebApplicationContext: initialization completed in 2419 ms
 _ _   |_  _ _|_. ___ _ |    _ 
| | |\/|_)(_| | |_\  |_)||_|_\ 
     /               |         
                        3.3.1 
2021-11-19 02:36:25.234  INFO 12157 --- [           main] o.s.s.concurrent.ThreadPoolTaskExecutor  : Initializing ExecutorService 'applicationTaskExecutor'
2021-11-19 02:36:25.650  INFO 12157 --- [           main] o.s.b.w.embedded.tomcat.TomcatWebServer  : Tomcat started on port(s): 3001 (http) with context path ''
2021-11-19 02:36:25.662  INFO 12157 --- [           main] c.c.training.TraningApplication          : Started TraningApplication in 5.659 seconds (JVM running for 6.386)

  .   ____          _            __ _ _
 /\\ / ___'_ __ _ _(_)_ __  __ _ \ \ \ \
( ( )\___ | '_ | '_| | '_ \/ _` | \ \ \ \
 \\/  ___)| |_)| | | | | || (_| |  ) ) ) )
  '  |____| .__|_| |_|_| |_\__, | / / / /
 =========|_|==============|___/=/_/_/_/
 :: Spring Boot ::        (v2.2.5.RELEASE)

2021-11-19 02:40:32.582  INFO 12405 --- [           main] c.c.training.TraningApplication          : Starting TraningApplication v1.0-SNAPSHOT on fabmedical-xp with PID 12405 (/home/adminfabmedical/Fabmedical/content-api/target/training-1.0-SNAPSHOT.jar started by adminfabmedical in /home/adminfabmedical/Fabmedical/content-api)
2021-11-19 02:40:32.596  INFO 12405 --- [           main] c.c.training.TraningApplication          : No active profile set, falling back to default profiles: default
2021-11-19 02:40:35.080  INFO 12405 --- [           main] o.s.b.w.embedded.tomcat.TomcatWebServer  : Tomcat initialized with port(s): 3001 (http)
2021-11-19 02:40:35.100  INFO 12405 --- [           main] o.apache.catalina.core.StandardService   : Starting service [Tomcat]
2021-11-19 02:40:35.101  INFO 12405 --- [           main] org.apache.catalina.core.StandardEngine  : Starting Servlet engine: [Apache Tomcat/9.0.31]
2021-11-19 02:40:35.213  INFO 12405 --- [           main] o.a.c.c.C.[Tomcat].[localhost].[/]       : Initializing Spring embedded WebApplicationContext
2021-11-19 02:40:35.214  INFO 12405 --- [           main] o.s.web.context.ContextLoader            : Root WebApplicationContext: initialization completed in 2428 ms
 _ _   |_  _ _|_. ___ _ |    _ 
| | |\/|_)(_| | |_\  |_)||_|_\ 
     /               |         
                        3.3.1 
2021-11-19 02:40:36.610  INFO 12405 --- [           main] o.s.s.concurrent.ThreadPoolTaskExecutor  : Initializing ExecutorService 'applicationTaskExecutor'
2021-11-19 02:40:36.926  INFO 12405 --- [           main] o.s.b.w.embedded.tomcat.TomcatWebServer  : Tomcat started on port(s): 3001 (http) with context path ''
2021-11-19 02:40:36.931  INFO 12405 --- [           main] c.c.training.TraningApplication          : Started TraningApplication in 5.559 seconds (JVM running for 6.261)
2021-11-19 02:49:04.683  INFO 12405 --- [nio-3001-exec-1] o.a.c.c.C.[Tomcat].[localhost].[/]       : Initializing Spring DispatcherServlet 'dispatcherServlet'
2021-11-19 02:49:04.683  INFO 12405 --- [nio-3001-exec-1] o.s.web.servlet.DispatcherServlet        : Initializing Servlet 'dispatcherServlet'
2021-11-19 02:49:04.695  INFO 12405 --- [nio-3001-exec-1] o.s.web.servlet.DispatcherServlet        : Completed initialization in 12 ms
2021-11-19 02:49:04.866  INFO 12405 --- [nio-3001-exec-1] com.zaxxer.hikari.HikariDataSource       : HikariPool-1 - Starting...
2021-11-19 02:49:05.161  INFO 12405 --- [nio-3001-exec-1] com.zaxxer.hikari.HikariDataSource       : HikariPool-1 - Start completed.

  .   ____          _            __ _ _
 /\\ / ___'_ __ _ _(_)_ __  __ _ \ \ \ \
( ( )\___ | '_ | '_| | '_ \/ _` | \ \ \ \
 \\/  ___)| |_)| | | | | || (_| |  ) ) ) )
  '  |____| .__|_| |_|_| |_\__, | / / / /
 =========|_|==============|___/=/_/_/_/
 :: Spring Boot ::        (v2.2.5.RELEASE)

2022-03-01 03:34:36.132  INFO 14030 --- [           main] c.c.training.TraningApplication          : Starting TraningApplication v1.0-SNAPSHOT on fabmedical-fan with PID 14030 (/home/adminfabmedical/MCW-Cloud-native-applications-pim/Fabmedical/content-api/target/training-1.0-SNAPSHOT.jar started by adminfabmedical in /home/adminfabmedical/MCW-Cloud-native-applications-pim/Fabmedical/content-api)
2022-03-01 03:34:36.136  INFO 14030 --- [           main] c.c.training.TraningApplication          : No active profile set, falling back to default profiles: default
2022-03-01 03:34:37.339  INFO 14030 --- [           main] o.s.b.w.embedded.tomcat.TomcatWebServer  : Tomcat initialized with port(s): 3001 (http)
2022-03-01 03:34:37.349  INFO 14030 --- [           main] o.apache.catalina.core.StandardService   : Starting service [Tomcat]
2022-03-01 03:34:37.350  INFO 14030 --- [           main] org.apache.catalina.core.StandardEngine  : Starting Servlet engine: [Apache Tomcat/9.0.31]
2022-03-01 03:34:37.400  INFO 14030 --- [           main] o.a.c.c.C.[Tomcat].[localhost].[/]       : Initializing Spring embedded WebApplicationContext
2022-03-01 03:34:37.400  INFO 14030 --- [           main] o.s.web.context.ContextLoader            : Root WebApplicationContext: initialization completed in 1183 ms
 _ _   |_  _ _|_. ___ _ |    _ 
| | |\/|_)(_| | |_\  |_)||_|_\ 
     /               |         
                        3.3.1 
2022-03-01 03:34:38.078  INFO 14030 --- [           main] o.s.s.concurrent.ThreadPoolTaskExecutor  : Initializing ExecutorService 'applicationTaskExecutor'
2022-03-01 03:34:38.289  INFO 14030 --- [           main] o.s.b.w.embedded.tomcat.TomcatWebServer  : Tomcat started on port(s): 3001 (http) with context path ''
2022-03-01 03:34:38.292  INFO 14030 --- [           main] c.c.training.TraningApplication          : Started TraningApplication in 2.676 seconds (JVM running for 3.066)
2022-03-01 03:34:41.551  INFO 14030 --- [nio-3001-exec-1] o.a.c.c.C.[Tomcat].[localhost].[/]       : Initializing Spring DispatcherServlet 'dispatcherServlet'
2022-03-01 03:34:41.551  INFO 14030 --- [nio-3001-exec-1] o.s.web.servlet.DispatcherServlet        : Initializing Servlet 'dispatcherServlet'
2022-03-01 03:34:41.557  INFO 14030 --- [nio-3001-exec-1] o.s.web.servlet.DispatcherServlet        : Completed initialization in 6 ms
2022-03-01 03:34:41.639  INFO 14030 --- [nio-3001-exec-1] com.zaxxer.hikari.HikariDataSource       : HikariPool-1 - Starting...
2022-03-01 03:34:41.795  INFO 14030 --- [nio-3001-exec-1] com.zaxxer.hikari.HikariDataSource       : HikariPool-1 - Start completed.
2022-03-01 09:56:46.204  INFO 14030 --- [nio-3001-exec-4] o.apache.coyote.http11.Http11Processor   : Error parsing HTTP request header
 Note: further occurrences of HTTP request parsing errors will be logged at DEBUG level.

java.lang.IllegalArgumentException: Invalid character found in method name. HTTP method names must be tokens
	at org.apache.coyote.http11.Http11InputBuffer.parseRequestLine(Http11InputBuffer.java:416) ~[tomcat-embed-core-9.0.31.jar!/:9.0.31]
	at org.apache.coyote.http11.Http11Processor.service(Http11Processor.java:260) ~[tomcat-embed-core-9.0.31.jar!/:9.0.31]
	at org.apache.coyote.AbstractProcessorLight.process(AbstractProcessorLight.java:65) [tomcat-embed-core-9.0.31.jar!/:9.0.31]
	at org.apache.coyote.AbstractProtocol$ConnectionHandler.process(AbstractProtocol.java:868) [tomcat-embed-core-9.0.31.jar!/:9.0.31]
	at org.apache.tomcat.util.net.NioEndpoint$SocketProcessor.doRun(NioEndpoint.java:1639) [tomcat-embed-core-9.0.31.jar!/:9.0.31]
	at org.apache.tomcat.util.net.SocketProcessorBase.run(SocketProcessorBase.java:49) [tomcat-embed-core-9.0.31.jar!/:9.0.31]
	at java.util.concurrent.ThreadPoolExecutor.runWorker(ThreadPoolExecutor.java:1149) [na:1.8.0_292]
	at java.util.concurrent.ThreadPoolExecutor$Worker.run(ThreadPoolExecutor.java:624) [na:1.8.0_292]
	at org.apache.tomcat.util.threads.TaskThread$WrappingRunnable.run(TaskThread.java:61) [tomcat-embed-core-9.0.31.jar!/:9.0.31]
	at java.lang.Thread.run(Thread.java:748) [na:1.8.0_292]

2022-03-02 11:54:53.281  INFO 14030 --- [nio-3001-exec-5] o.apache.coyote.http11.Http11Processor   : Error parsing HTTP request header
 Note: further occurrences of HTTP request parsing errors will be logged at DEBUG level.

java.lang.IllegalArgumentException: Invalid character found in method name. HTTP method names must be tokens
	at org.apache.coyote.http11.Http11InputBuffer.parseRequestLine(Http11InputBuffer.java:416) ~[tomcat-embed-core-9.0.31.jar!/:9.0.31]
	at org.apache.coyote.http11.Http11Processor.service(Http11Processor.java:260) ~[tomcat-embed-core-9.0.31.jar!/:9.0.31]
	at org.apache.coyote.AbstractProcessorLight.process(AbstractProcessorLight.java:65) [tomcat-embed-core-9.0.31.jar!/:9.0.31]
	at org.apache.coyote.AbstractProtocol$ConnectionHandler.process(AbstractProtocol.java:868) [tomcat-embed-core-9.0.31.jar!/:9.0.31]
	at org.apache.tomcat.util.net.NioEndpoint$SocketProcessor.doRun(NioEndpoint.java:1639) [tomcat-embed-core-9.0.31.jar!/:9.0.31]
	at org.apache.tomcat.util.net.SocketProcessorBase.run(SocketProcessorBase.java:49) [tomcat-embed-core-9.0.31.jar!/:9.0.31]
	at java.util.concurrent.ThreadPoolExecutor.runWorker(ThreadPoolExecutor.java:1149) [na:1.8.0_292]
	at java.util.concurrent.ThreadPoolExecutor$Worker.run(ThreadPoolExecutor.java:624) [na:1.8.0_292]
	at org.apache.tomcat.util.threads.TaskThread$WrappingRunnable.run(TaskThread.java:61) [tomcat-embed-core-9.0.31.jar!/:9.0.31]
	at java.lang.Thread.run(Thread.java:748) [na:1.8.0_292]

2022-03-03 12:00:39.290  INFO 14030 --- [nio-3001-exec-7] o.apache.coyote.http11.Http11Processor   : Error parsing HTTP request header
 Note: further occurrences of HTTP request parsing errors will be logged at DEBUG level.

java.lang.IllegalArgumentException: Invalid character found in method name. HTTP method names must be tokens
	at org.apache.coyote.http11.Http11InputBuffer.parseRequestLine(Http11InputBuffer.java:416) ~[tomcat-embed-core-9.0.31.jar!/:9.0.31]
	at org.apache.coyote.http11.Http11Processor.service(Http11Processor.java:260) ~[tomcat-embed-core-9.0.31.jar!/:9.0.31]
	at org.apache.coyote.AbstractProcessorLight.process(AbstractProcessorLight.java:65) [tomcat-embed-core-9.0.31.jar!/:9.0.31]
	at org.apache.coyote.AbstractProtocol$ConnectionHandler.process(AbstractProtocol.java:868) [tomcat-embed-core-9.0.31.jar!/:9.0.31]
	at org.apache.tomcat.util.net.NioEndpoint$SocketProcessor.doRun(NioEndpoint.java:1639) [tomcat-embed-core-9.0.31.jar!/:9.0.31]
	at org.apache.tomcat.util.net.SocketProcessorBase.run(SocketProcessorBase.java:49) [tomcat-embed-core-9.0.31.jar!/:9.0.31]
	at java.util.concurrent.ThreadPoolExecutor.runWorker(ThreadPoolExecutor.java:1149) [na:1.8.0_292]
	at java.util.concurrent.ThreadPoolExecutor$Worker.run(ThreadPoolExecutor.java:624) [na:1.8.0_292]
	at org.apache.tomcat.util.threads.TaskThread$WrappingRunnable.run(TaskThread.java:61) [tomcat-embed-core-9.0.31.jar!/:9.0.31]
	at java.lang.Thread.run(Thread.java:748) [na:1.8.0_292]

2022-03-04 13:12:09.085  INFO 14030 --- [nio-3001-exec-6] o.apache.coyote.http11.Http11Processor   : Error parsing HTTP request header
 Note: further occurrences of HTTP request parsing errors will be logged at DEBUG level.

java.lang.IllegalArgumentException: Invalid character found in method name. HTTP method names must be tokens
	at org.apache.coyote.http11.Http11InputBuffer.parseRequestLine(Http11InputBuffer.java:416) ~[tomcat-embed-core-9.0.31.jar!/:9.0.31]
	at org.apache.coyote.http11.Http11Processor.service(Http11Processor.java:260) ~[tomcat-embed-core-9.0.31.jar!/:9.0.31]
	at org.apache.coyote.AbstractProcessorLight.process(AbstractProcessorLight.java:65) [tomcat-embed-core-9.0.31.jar!/:9.0.31]
	at org.apache.coyote.AbstractProtocol$ConnectionHandler.process(AbstractProtocol.java:868) [tomcat-embed-core-9.0.31.jar!/:9.0.31]
	at org.apache.tomcat.util.net.NioEndpoint$SocketProcessor.doRun(NioEndpoint.java:1639) [tomcat-embed-core-9.0.31.jar!/:9.0.31]
	at org.apache.tomcat.util.net.SocketProcessorBase.run(SocketProcessorBase.java:49) [tomcat-embed-core-9.0.31.jar!/:9.0.31]
	at java.util.concurrent.ThreadPoolExecutor.runWorker(ThreadPoolExecutor.java:1149) [na:1.8.0_292]
	at java.util.concurrent.ThreadPoolExecutor$Worker.run(ThreadPoolExecutor.java:624) [na:1.8.0_292]
	at org.apache.tomcat.util.threads.TaskThread$WrappingRunnable.run(TaskThread.java:61) [tomcat-embed-core-9.0.31.jar!/:9.0.31]
	at java.lang.Thread.run(Thread.java:748) [na:1.8.0_292]

2022-03-05 08:42:07.459  INFO 14030 --- [extShutdownHook] o.s.s.concurrent.ThreadPoolTaskExecutor  : Shutting down ExecutorService 'applicationTaskExecutor'
2022-03-05 08:42:07.460  INFO 14030 --- [extShutdownHook] com.zaxxer.hikari.HikariDataSource       : HikariPool-1 - Shutdown initiated...
2022-03-05 08:42:07.464  INFO 14030 --- [extShutdownHook] com.zaxxer.hikari.HikariDataSource       : HikariPool-1 - Shutdown completed.

  .   ____          _            __ _ _
 /\\ / ___'_ __ _ _(_)_ __  __ _ \ \ \ \
( ( )\___ | '_ | '_| | '_ \/ _` | \ \ \ \
 \\/  ___)| |_)| | | | | || (_| |  ) ) ) )
  '  |____| .__|_| |_|_| |_\__, | / / / /
 =========|_|==============|___/=/_/_/_/
 :: Spring Boot ::        (v2.2.5.RELEASE)

2022-03-21 14:42:06.303  INFO 6529 --- [           main] c.c.training.TraningApplication          : Starting TraningApplication v1.0-SNAPSHOT on pipeline01 with PID 6529 (/home/DevOpsAdmin/fabmedical/Fabmedical/content-api/target/training-1.0-SNAPSHOT.jar started by DevOpsAdmin in /home/DevOpsAdmin/fabmedical/Fabmedical/content-api)
2022-03-21 14:42:06.306  INFO 6529 --- [           main] c.c.training.TraningApplication          : No active profile set, falling back to default profiles: default
2022-03-21 14:42:07.681  INFO 6529 --- [           main] o.s.b.w.embedded.tomcat.TomcatWebServer  : Tomcat initialized with port(s): 3001 (http)
2022-03-21 14:42:07.692  INFO 6529 --- [           main] o.apache.catalina.core.StandardService   : Starting service [Tomcat]
2022-03-21 14:42:07.692  INFO 6529 --- [           main] org.apache.catalina.core.StandardEngine  : Starting Servlet engine: [Apache Tomcat/9.0.31]
2022-03-21 14:42:07.745  INFO 6529 --- [           main] o.a.c.c.C.[Tomcat].[localhost].[/]       : Initializing Spring embedded WebApplicationContext
2022-03-21 14:42:07.745  INFO 6529 --- [           main] o.s.web.context.ContextLoader            : Root WebApplicationContext: initialization completed in 1378 ms
 _ _   |_  _ _|_. ___ _ |    _ 
| | |\/|_)(_| | |_\  |_)||_|_\ 
     /               |         
                        3.3.1 
2022-03-21 14:42:08.537  INFO 6529 --- [           main] o.s.s.concurrent.ThreadPoolTaskExecutor  : Initializing ExecutorService 'applicationTaskExecutor'
2022-03-21 14:42:08.727  INFO 6529 --- [           main] o.s.b.w.embedded.tomcat.TomcatWebServer  : Tomcat started on port(s): 3001 (http) with context path ''
2022-03-21 14:42:08.729  INFO 6529 --- [           main] c.c.training.TraningApplication          : Started TraningApplication in 2.97 seconds (JVM running for 3.402)
2022-03-21 14:42:15.253  INFO 6529 --- [nio-3001-exec-1] o.a.c.c.C.[Tomcat].[localhost].[/]       : Initializing Spring DispatcherServlet 'dispatcherServlet'
2022-03-21 14:42:15.253  INFO 6529 --- [nio-3001-exec-1] o.s.web.servlet.DispatcherServlet        : Initializing Servlet 'dispatcherServlet'
2022-03-21 14:42:15.260  INFO 6529 --- [nio-3001-exec-1] o.s.web.servlet.DispatcherServlet        : Completed initialization in 7 ms
2022-03-21 14:42:15.367  INFO 6529 --- [nio-3001-exec-1] com.zaxxer.hikari.HikariDataSource       : HikariPool-1 - Starting...
2022-03-21 14:42:15.598  INFO 6529 --- [nio-3001-exec-1] com.zaxxer.hikari.HikariDataSource       : HikariPool-1 - Start completed.
2022-03-22 07:44:28.386  WARN 6529 --- [nio-3001-exec-5] com.zaxxer.hikari.pool.PoolBase          : HikariPool-1 - Failed to validate connection com.mysql.cj.jdbc.ConnectionImpl@951603e (No operations allowed after connection closed.). Possibly consider using a shorter maxLifetime value.
2022-03-22 07:44:28.388  WARN 6529 --- [nio-3001-exec-5] com.zaxxer.hikari.pool.PoolBase          : HikariPool-1 - Failed to validate connection com.mysql.cj.jdbc.ConnectionImpl@486c6a05 (No operations allowed after connection closed.). Possibly consider using a shorter maxLifetime value.
2022-03-22 07:44:28.389  WARN 6529 --- [nio-3001-exec-5] com.zaxxer.hikari.pool.PoolBase          : HikariPool-1 - Failed to validate connection com.mysql.cj.jdbc.ConnectionImpl@7bbceeda (No operations allowed after connection closed.). Possibly consider using a shorter maxLifetime value.
2022-03-22 07:44:28.390  WARN 6529 --- [nio-3001-exec-5] com.zaxxer.hikari.pool.PoolBase          : HikariPool-1 - Failed to validate connection com.mysql.cj.jdbc.ConnectionImpl@796e2103 (No operations allowed after connection closed.). Possibly consider using a shorter maxLifetime value.
2022-03-22 07:44:28.392  WARN 6529 --- [nio-3001-exec-5] com.zaxxer.hikari.pool.PoolBase          : HikariPool-1 - Failed to validate connection com.mysql.cj.jdbc.ConnectionImpl@354fb67 (No operations allowed after connection closed.). Possibly consider using a shorter maxLifetime value.
2022-03-22 07:44:28.394  WARN 6529 --- [nio-3001-exec-5] com.zaxxer.hikari.pool.PoolBase          : HikariPool-1 - Failed to validate connection com.mysql.cj.jdbc.ConnectionImpl@2843954a (No operations allowed after connection closed.). Possibly consider using a shorter maxLifetime value.
2022-03-22 07:44:28.395  WARN 6529 --- [nio-3001-exec-5] com.zaxxer.hikari.pool.PoolBase          : HikariPool-1 - Failed to validate connection com.mysql.cj.jdbc.ConnectionImpl@341574a6 (No operations allowed after connection closed.). Possibly consider using a shorter maxLifetime value.
2022-03-22 07:44:28.396  WARN 6529 --- [nio-3001-exec-5] com.zaxxer.hikari.pool.PoolBase          : HikariPool-1 - Failed to validate connection com.mysql.cj.jdbc.ConnectionImpl@3cfb2d1e (No operations allowed after connection closed.). Possibly consider using a shorter maxLifetime value.
2022-03-22 07:44:28.397  WARN 6529 --- [nio-3001-exec-5] com.zaxxer.hikari.pool.PoolBase          : HikariPool-1 - Failed to validate connection com.mysql.cj.jdbc.ConnectionImpl@2c0d49a0 (No operations allowed after connection closed.). Possibly consider using a shorter maxLifetime value.
2022-03-22 07:44:28.398  WARN 6529 --- [nio-3001-exec-5] com.zaxxer.hikari.pool.PoolBase          : HikariPool-1 - Failed to validate connection com.mysql.cj.jdbc.ConnectionImpl@3322b8c3 (No operations allowed after connection closed.). Possibly consider using a shorter maxLifetime value.
2022-03-22 07:44:58.387 ERROR 6529 --- [nio-3001-exec-5] o.a.c.c.C.[.[.[/].[dispatcherServlet]    : Servlet.service() for servlet [dispatcherServlet] in context with path [] threw exception [Request processing failed; nested exception is org.mybatis.spring.MyBatisSystemException: nested exception is org.apache.ibatis.exceptions.PersistenceException: 
### Error querying database.  Cause: org.springframework.jdbc.CannotGetJdbcConnectionException: Failed to obtain JDBC Connection; nested exception is java.sql.SQLTransientConnectionException: HikariPool-1 - Connection is not available, request timed out after 30001ms.
### The error may exist in com/chinasofti/training/dao/SpeakerDao.java (best guess)
### The error may involve com.chinasofti.training.dao.SpeakerDao.selectPage
### The error occurred while executing a query
### Cause: org.springframework.jdbc.CannotGetJdbcConnectionException: Failed to obtain JDBC Connection; nested exception is java.sql.SQLTransientConnectionException: HikariPool-1 - Connection is not available, request timed out after 30001ms.] with root cause

java.net.ConnectException: Connection refused (Connection refused)
	at java.net.PlainSocketImpl.socketConnect(Native Method) ~[na:1.8.0_312]
	at java.net.AbstractPlainSocketImpl.doConnect(AbstractPlainSocketImpl.java:350) ~[na:1.8.0_312]
	at java.net.AbstractPlainSocketImpl.connectToAddress(AbstractPlainSocketImpl.java:206) ~[na:1.8.0_312]
	at java.net.AbstractPlainSocketImpl.connect(AbstractPlainSocketImpl.java:188) ~[na:1.8.0_312]
	at java.net.SocksSocketImpl.connect(SocksSocketImpl.java:392) ~[na:1.8.0_312]
	at java.net.Socket.connect(Socket.java:607) ~[na:1.8.0_312]
	at com.mysql.cj.protocol.StandardSocketFactory.connect(StandardSocketFactory.java:155) ~[mysql-connector-java-8.0.17.jar!/:8.0.17]
	at com.mysql.cj.protocol.a.NativeSocketConnection.connect(NativeSocketConnection.java:65) ~[mysql-connector-java-8.0.17.jar!/:8.0.17]
	at com.mysql.cj.NativeSession.connect(NativeSession.java:150) ~[mysql-connector-java-8.0.17.jar!/:8.0.17]
	at com.mysql.cj.jdbc.ConnectionImpl.connectOneTryOnly(ConnectionImpl.java:947) ~[mysql-connector-java-8.0.17.jar!/:8.0.17]
	at com.mysql.cj.jdbc.ConnectionImpl.createNewIO(ConnectionImpl.java:817) ~[mysql-connector-java-8.0.17.jar!/:8.0.17]
	at com.mysql.cj.jdbc.ConnectionImpl.<init>(ConnectionImpl.java:447) ~[mysql-connector-java-8.0.17.jar!/:8.0.17]
	at com.mysql.cj.jdbc.ConnectionImpl.getInstance(ConnectionImpl.java:237) ~[mysql-connector-java-8.0.17.jar!/:8.0.17]
	at com.mysql.cj.jdbc.NonRegisteringDriver.connect(NonRegisteringDriver.java:199) ~[mysql-connector-java-8.0.17.jar!/:8.0.17]
	at com.zaxxer.hikari.util.DriverDataSource.getConnection(DriverDataSource.java:138) ~[HikariCP-3.4.2.jar!/:na]
	at com.zaxxer.hikari.pool.PoolBase.newConnection(PoolBase.java:354) ~[HikariCP-3.4.2.jar!/:na]
	at com.zaxxer.hikari.pool.PoolBase.newPoolEntry(PoolBase.java:202) ~[HikariCP-3.4.2.jar!/:na]
	at com.zaxxer.hikari.pool.HikariPool.createPoolEntry(HikariPool.java:473) ~[HikariCP-3.4.2.jar!/:na]
	at com.zaxxer.hikari.pool.HikariPool.access$100(HikariPool.java:71) ~[HikariCP-3.4.2.jar!/:na]
	at com.zaxxer.hikari.pool.HikariPool$PoolEntryCreator.call(HikariPool.java:719) ~[HikariCP-3.4.2.jar!/:na]
	at com.zaxxer.hikari.pool.HikariPool$PoolEntryCreator.call(HikariPool.java:705) ~[HikariCP-3.4.2.jar!/:na]
	at java.util.concurrent.FutureTask.run(FutureTask.java:266) ~[na:1.8.0_312]
	at java.util.concurrent.ThreadPoolExecutor.runWorker(ThreadPoolExecutor.java:1149) ~[na:1.8.0_312]
	at java.util.concurrent.ThreadPoolExecutor$Worker.run(ThreadPoolExecutor.java:624) ~[na:1.8.0_312]
	at java.lang.Thread.run(Thread.java:748) [na:1.8.0_312]

